[debug] [2025-03-08T16:49:13.187Z] ----------------------------------------------------------------------
[debug] [2025-03-08T16:49:13.190Z] Command:       C:\Program Files\nodejs\node.exe C:\Users\.ASUS\AppData\Roaming\npm\node_modules\firebase-tools\lib\bin\firebase.js init
[debug] [2025-03-08T16:49:13.190Z] CLI Version:   13.31.2
[debug] [2025-03-08T16:49:13.191Z] Platform:      win32
[debug] [2025-03-08T16:49:13.191Z] Node Version:  v18.17.0
[debug] [2025-03-08T16:49:13.198Z] Time:          Sat Mar 08 2025 22:19:13 GMT+0530 (India Standard Time)
[debug] [2025-03-08T16:49:13.198Z] ----------------------------------------------------------------------
[debug] 
[debug] [2025-03-08T16:49:13.202Z] >>> [apiv2][query] GET https://firebase-public.firebaseio.com/cli.json [none]
[debug] [2025-03-08T16:49:13.664Z] > command requires scopes: ["email","openid","https://www.googleapis.com/auth/cloudplatformprojects.readonly","https://www.googleapis.com/auth/firebase","https://www.googleapis.com/auth/cloud-platform"]
[debug] [2025-03-08T16:49:13.665Z] > authorizing via signed-in user (nakusharma29@gmail.com)
[info] 
     ######## #### ########  ######## ########     ###     ######  ########
     ##        ##  ##     ## ##       ##     ##  ##   ##  ##       ##
     ######    ##  ########  ######   ########  #########  ######  ######
     ##        ##  ##    ##  ##       ##     ## ##     ##       ## ##
     ##       #### ##     ## ######## ########  ##     ##  ######  ########

You're about to initialize a Firebase project in this directory:

  C:\Users\.ASUS\Desktop\streamsphere

Before we get started, keep in mind:

  * You are initializing within an existing Firebase project directory

[debug] [2025-03-08T16:49:27.987Z] *** [apiv2] error from fetch(https://firebase-public.firebaseio.com/cli.json, {"headers":{},"method":"GET"}): FetchError: request to https://firebase-public.firebaseio.com/cli.json failed, reason: connect ECONNABORTED 2600:1901:0:4d00:::443
[warn] !  Unable to fetch the CLI MOTD and remote config. This is not a fatal error, but may indicate an issue with your network connection. 
[debug] [2025-03-08T16:49:27.990Z] Failed to fetch MOTD FirebaseError: Failed to make request to https://firebase-public.firebaseio.com/cli.json
